<?xml version="1.0" encoding="UTF-8"?>
<!-- Generated by org.testng.reporters.JUnitReportReporter -->
<testsuite hostname="LAPTOP-ELT6AP9J" failures="0" tests="1" name="runner.TestRunner" time="8.358" errors="0" timestamp="2021-04-02T17:48:05 IST" skipped="0">
  <testcase classname="runner.TestRunner" name="feature" time="8.358"/>
  <system-out/>
</testsuite> <!-- runner.TestRunner -->
